[35m[Appium][39m Appium support for versions of node < 8 has been deprecated and will be removed in a future version. Please upgrade!
[35m[Appium][39m Welcome to Appium v1.8.0
[35m[Appium][39m Non-default server args:
[35m[Appium][39m   port: 4254
[35m[Appium][39m   loglevel: info
[35m[Appium][39m   chromeDriverPort: 4255
[35m[Appium][39m   tmpDir: C:\Users\Test\AppData\Local\Temp\\Katalon\Appium\Temp1528467607191
[35m[Appium][39m Appium REST http interface listener started on 0.0.0.0:4254
[35m[HTTP][39m [37m-->[39m [37mGET[39m [37m/wd/hub/status[39m
[35m[HTTP][39m [90m{}[39m
[35m[HTTP][39m [37m<-- GET /wd/hub/status [39m[32m200[39m [90m35 ms - 83[39m
[35m[HTTP][39m [90m[39m
[35m[HTTP][39m [37m-->[39m [37mGET[39m [37m/wd/hub/status[39m
[35m[HTTP][39m [90m{}[39m
[35m[HTTP][39m [37m<-- GET /wd/hub/status [39m[32m200[39m [90m28 ms - 83[39m
[35m[HTTP][39m [90m[39m
[35m[HTTP][39m [37m-->[39m [37mPOST[39m [37m/wd/hub/session[39m
[35m[HTTP][39m [90m{"desiredCapabilities":{"app":"C:\\Users\\Test\\Downloads\\Android apps\\TV Orange.apk","autoGrantPermissions":true,"deviceName":"samsung SM-J320FN (Android 5.1.1)","fullReset":false,"newCommandTimeout":1800,"noReset":true,"platform":"ANDROID","platformName":"Android","udid":"42009c1ad8a13400"},"capabilities":{"desiredCapabilities":{"app":"C:\\Users\\Test\\Downloads\\Android apps\\TV Orange.apk","autoGrantPermissions":true,"deviceName":"samsung SM-J320FN (Android 5.1.1)","fullReset":false,"newCommandTimeout":1800,"noReset":true,"platform":"ANDROID","platformName":"Android","udid":"42009c1ad8a13400"},"firstMatch":[{"platformName":"android"}]}}[39m
[35m[Appium][39m Could not parse W3C capabilities: 'deviceName' can't be blank. Falling back to JSONWP protocol.
[35m[Appium][39m The following capabilities were provided in the JSONWP desired capabilities that are missing in W3C capabilities: ["app","autoGrantPermissions","deviceName","fullReset","newCommandTimeout","noReset","platform","platformName","udid"]. Falling back to JSONWP protocol.
[35m[Appium][39m Creating new AndroidDriver (v2.4.1) session
[35m[Appium][39m Capabilities:
[35m[Appium][39m   app: C:\Users\Test\Downloads\Android apps\TV Orange.apk
[35m[Appium][39m   autoGrantPermissions: true
[35m[Appium][39m   deviceName: samsung SM-J320FN (Android 5.1.1)
[35m[Appium][39m   fullReset: false
[35m[Appium][39m   newCommandTimeout: 1800
[35m[Appium][39m   noReset: true
[35m[Appium][39m   platform: ANDROID
[35m[Appium][39m   platformName: Android
[35m[Appium][39m   udid: 42009c1ad8a13400
[35m[BaseDriver][39m The following capabilities were provided, but are not recognized by appium: platform.
[35m[BaseDriver][39m Session created with session id: 002f15db-e851-49cd-b97f-64128a8645b9
[35m[AndroidDriver][39m Java version is: 1.8.0_102
[35m[ADB][39m Checking whether adb is present
[35m[ADB][39m Found 1 'build-tools' folders under 'C:\Users\Test\.katalon\tools\android_sdk' (newest first):
[35m[ADB][39m     C:/Users/Test/.katalon/tools/android_sdk/build-tools/28.0.0
[35m[ADB][39m Using adb.exe from C:\Users\Test\.katalon\tools\android_sdk\platform-tools\adb.exe
[35m[AndroidDriver][39m Retrieving device list
[35m[AndroidDriver][39m Using device: 42009c1ad8a13400
[35m[ADB][39m Checking whether adb is present
[35m[ADB][39m Using adb.exe from C:\Users\Test\.katalon\tools\android_sdk\platform-tools\adb.exe
[35m[BaseDriver][39m Using local app 'C:\Users\Test\Downloads\Android apps\TV Orange.apk'
[35m[AndroidDriver][39m Starting Android session
[35m[ADB][39m Checking whether aapt is present
[35m[ADB][39m Using aapt.exe from C:\Users\Test\.katalon\tools\android_sdk\build-tools\28.0.0\aapt.exe
[35m[AndroidDriver][39m setDeviceLanguageCountry requires language or country.
[35m[AndroidDriver][39m Got language: 'null' and country: 'null'
[35m[ADB][39m Checking whether aapt is present
[35m[ADB][39m Using aapt.exe from C:\Users\Test\.katalon\tools\android_sdk\build-tools\28.0.0\aapt.exe
[35m[ADB][39m Getting device platform version
[35m[ADB][39m Using the alternative activity name detection method because of: Could not find apkanalyzer.bat in C:\Users\Test\.katalon\tools\android_sdk\platform-tools\apkanalyzer.bat,C:\Users\Test\.katalon\tools\android_sdk\emulator\apkanalyzer.bat,C:\Users\Test\.katalon\tools\android_sdk\tools\apkanalyzer.bat,C:\Users\Test\.katalon\tools\android_sdk\tools\bin\apkanalyzer.bat,C:\Users\Test\.katalon\tools\android_sdk\build-tools\28.0.0\apkanalyzer.bat. Do you have the Android SDK installed at 'C:\Users\Test\.katalon\tools\android_sdk'?
[35m[ADB][39m Checking whether aapt is present
[35m[ADB][39m Using aapt.exe from C:\Users\Test\.katalon\tools\android_sdk\build-tools\28.0.0\aapt.exe
[35m[ADB][39m Extracting package and launch activity from manifest
[35m[ADB][39m Package name: 'com.orange.owtv'
[35m[ADB][39m Main activity name: 'com.orange.otvp.SplashScreen'
[35m[ADB][39m Checking whether aapt is present
[35m[ADB][39m Using aapt.exe from C:\Users\Test\.katalon\tools\android_sdk\build-tools\28.0.0\aapt.exe
[35m[ADB][39m Successfully extracted 1564 strings from 'C:\Users\Test\Downloads\Android apps\TV Orange.apk' resources for '(default)' configuration
[35m[ADB][39m No uiautomator process found to kill, continuing...
[35m[AndroidBootstrap][39m Android bootstrap socket is now connected
[35m[AndroidDriver][39m Screen already unlocked, doing nothing
[35m[ADB][39m No uiautomator process found to kill, continuing...
[35m[HTTP][39m [37m<-- POST /wd/hub/session [39m[31m500[39m [90m72120 ms - 1534[39m
[35m[HTTP][39m [90m[39m
